This is pdfTeX, Version 3.1415926-2.3-1.40.12 (TeX Live 2011) (format=pdflatex 2011.7.3)  19 MAY 2012 08:38
entering extended mode
 restricted \write18 enabled.
 %&-line parsing enabled.
**main.tex
(./main.tex
LaTeX2e <2009/09/24>
Babel <v3.8l> and hyphenation patterns for english, dumylang, nohyphenation, ge
rman-x-2009-06-19, ngerman-x-2009-06-19, afrikaans, ancientgreek, ibycus, arabi
c, armenian, basque, bulgarian, catalan, pinyin, coptic, croatian, czech, danis
h, dutch, ukenglish, usenglishmax, esperanto, estonian, ethiopic, farsi, finnis
h, french, galician, german, ngerman, swissgerman, monogreek, greek, hungarian,
 icelandic, assamese, bengali, gujarati, hindi, kannada, malayalam, marathi, or
iya, panjabi, tamil, telugu, indonesian, interlingua, irish, italian, kurmanji,
 lao, latin, latvian, lithuanian, mongolian, mongolianlmc, bokmal, nynorsk, pol
ish, portuguese, romanian, russian, sanskrit, serbian, serbianc, slovak, sloven
ian, spanish, swedish, turkish, turkmen, ukrainian, uppersorbian, welsh, loaded
.
(./mitthesis.cls
Document Class: mitthesis 1999/10/20
\vithesis=\count79
(/usr/local/texlive/2011/texmf-dist/tex/latex/base/report.cls
Document Class: report 2007/10/19 v1.4h Standard LaTeX document class
(/usr/local/texlive/2011/texmf-dist/tex/latex/base/size12.clo
File: size12.clo 2007/10/19 v1.4h Standard LaTeX file (size option)
)
\c@part=\count80
\c@chapter=\count81
\c@section=\count82
\c@subsection=\count83
\c@subsubsection=\count84
\c@paragraph=\count85
\c@subparagraph=\count86
\c@figure=\count87
\c@table=\count88
\abovecaptionskip=\skip41
\belowcaptionskip=\skip42
\bibindent=\dimen102
) (./setspace.sty
Package: setspace 2000/12/01 6.7 Contributed and Supported LaTeX2e package
Package: `setspace' 6.7 <2000/12/01>
)
Thesis document copyright MIT unless otherwise (manually) specified
\@titlesupervisor=\box26
\@abstractsupervisor=\box27
\c@savepage=\count89
) (./lgrind.sty
Package: lgrind 1997/01/30 v3.4 LGrind environment and supporting stuff
\lc@unt=\count90
\ln@xt=\count91
\LGnuminterval=\count92
\LGindent=\skip43
\LGsloppy=\skip44
\procbox=\box28
\ls@far=\box29
\tb@x=\box30
\TBw@d=\dimen103
\@ts=\dimen104
)
(/usr/local/texlive/2011/texmf-dist/tex/latex/graphics/graphicx.sty
Package: graphicx 1999/02/16 v1.0f Enhanced LaTeX Graphics (DPC,SPQR)

(/usr/local/texlive/2011/texmf-dist/tex/latex/graphics/keyval.sty
Package: keyval 1999/03/16 v1.13 key=value parser (DPC)
\KV@toks@=\toks14
)
(/usr/local/texlive/2011/texmf-dist/tex/latex/graphics/graphics.sty
Package: graphics 2009/02/05 v1.0o Standard LaTeX Graphics (DPC,SPQR)

(/usr/local/texlive/2011/texmf-dist/tex/latex/graphics/trig.sty
Package: trig 1999/03/16 v1.09 sin cos tan (DPC)
)
(/usr/local/texlive/2011/texmf-dist/tex/latex/latexconfig/graphics.cfg
File: graphics.cfg 2010/04/23 v1.9 graphics configuration of TeX Live
)
Package graphics Info: Driver file: pdftex.def on input line 91.

(/usr/local/texlive/2011/texmf-dist/tex/latex/pdftex-def/pdftex.def
File: pdftex.def 2011/05/27 v0.06d Graphics/color for pdfTeX

(/usr/local/texlive/2011/texmf-dist/tex/generic/oberdiek/infwarerr.sty
Package: infwarerr 2010/04/08 v1.3 Providing info/warning/message (HO)
)
(/usr/local/texlive/2011/texmf-dist/tex/generic/oberdiek/ltxcmds.sty
Package: ltxcmds 2011/04/18 v1.20 LaTeX kernel commands for general use (HO)
)
\Gread@gobject=\count93
))
\Gin@req@height=\dimen105
\Gin@req@width=\dimen106
)
(/usr/local/texlive/2011/texmf-dist/tex/latex/fancyhdr/fancyhdr.sty
\fancy@headwidth=\skip45
\f@ncyO@elh=\skip46
\f@ncyO@erh=\skip47
\f@ncyO@olh=\skip48
\f@ncyO@orh=\skip49
\f@ncyO@elf=\skip50
\f@ncyO@erf=\skip51
\f@ncyO@olf=\skip52
\f@ncyO@orf=\skip53
)
(/usr/local/texlive/2011/texmf-dist/tex/latex/amsmath/amsmath.sty
Package: amsmath 2000/07/18 v2.13 AMS math features
\@mathmargin=\skip54

For additional information on amsmath, use the `?' option.
(/usr/local/texlive/2011/texmf-dist/tex/latex/amsmath/amstext.sty
Package: amstext 2000/06/29 v2.01

(/usr/local/texlive/2011/texmf-dist/tex/latex/amsmath/amsgen.sty
File: amsgen.sty 1999/11/30 v2.0
\@emptytoks=\toks15
\ex@=\dimen107
))
(/usr/local/texlive/2011/texmf-dist/tex/latex/amsmath/amsbsy.sty
Package: amsbsy 1999/11/29 v1.2d
\pmbraise@=\dimen108
)
(/usr/local/texlive/2011/texmf-dist/tex/latex/amsmath/amsopn.sty
Package: amsopn 1999/12/14 v2.01 operator names
)
\inf@bad=\count94
LaTeX Info: Redefining \frac on input line 211.
\uproot@=\count95
\leftroot@=\count96
LaTeX Info: Redefining \overline on input line 307.
\classnum@=\count97
\DOTSCASE@=\count98
LaTeX Info: Redefining \ldots on input line 379.
LaTeX Info: Redefining \dots on input line 382.
LaTeX Info: Redefining \cdots on input line 467.
\Mathstrutbox@=\box31
\strutbox@=\box32
\big@size=\dimen109
LaTeX Font Info:    Redeclaring font encoding OML on input line 567.
LaTeX Font Info:    Redeclaring font encoding OMS on input line 568.
\macc@depth=\count99
\c@MaxMatrixCols=\count100
\dotsspace@=\muskip10
\c@parentequation=\count101
\dspbrk@lvl=\count102
\tag@help=\toks16
\row@=\count103
\column@=\count104
\maxfields@=\count105
\andhelp@=\toks17
\eqnshift@=\dimen110
\alignsep@=\dimen111
\tagshift@=\dimen112
\tagwidth@=\dimen113
\totwidth@=\dimen114
\lineht@=\dimen115
\@envbody=\toks18
\multlinegap=\skip55
\multlinetaggap=\skip56
\mathdisplay@stack=\toks19
LaTeX Info: Redefining \[ on input line 2666.
LaTeX Info: Redefining \] on input line 2667.
)
(/usr/local/texlive/2011/texmf-dist/tex/latex/amsfonts/amssymb.sty
Package: amssymb 2009/06/22 v3.00

(/usr/local/texlive/2011/texmf-dist/tex/latex/amsfonts/amsfonts.sty
Package: amsfonts 2009/06/22 v3.00 Basic AMSFonts support
\symAMSa=\mathgroup4
\symAMSb=\mathgroup5
LaTeX Font Info:    Overwriting math alphabet `\mathfrak' in version `bold'
(Font)                  U/euf/m/n --> U/euf/b/n on input line 96.
))
(/usr/local/texlive/2011/texmf-dist/tex/latex/jknapltx/mathrsfs.sty
Package: mathrsfs 1996/01/01 Math RSFS package v1.0 (jk)
\symrsfs=\mathgroup6
)
(/usr/local/texlive/2011/texmf-dist/tex/latex/url/url.sty
\Urlmuskip=\muskip11
Package: url 2006/04/12  ver 3.3  Verb mode for urls, etc.
) (./main.aux
(./cover.aux) (./contents.aux) (./chap1.aux) (./chap2.aux) (./chap3.aux)
(./chap4.aux) (./chap5.aux) (./chap6.aux) (./chap7.aux))
\openout1 = `main.aux'.

LaTeX Font Info:    Checking defaults for OML/cmm/m/it on input line 48.
LaTeX Font Info:    ... okay on input line 48.
LaTeX Font Info:    Checking defaults for T1/cmr/m/n on input line 48.
LaTeX Font Info:    ... okay on input line 48.
LaTeX Font Info:    Checking defaults for OT1/cmr/m/n on input line 48.
LaTeX Font Info:    ... okay on input line 48.
LaTeX Font Info:    Checking defaults for OMS/cmsy/m/n on input line 48.
LaTeX Font Info:    ... okay on input line 48.
LaTeX Font Info:    Checking defaults for OMX/cmex/m/n on input line 48.
LaTeX Font Info:    ... okay on input line 48.
LaTeX Font Info:    Checking defaults for U/cmr/m/n on input line 48.
LaTeX Font Info:    ... okay on input line 48.

(/usr/local/texlive/2011/texmf-dist/tex/context/base/supp-pdf.mkii
[Loading MPS to PDF converter (version 2006.09.02).]
\scratchcounter=\count106
\scratchdimen=\dimen116
\scratchbox=\box33
\nofMPsegments=\count107
\nofMParguments=\count108
\everyMPshowfont=\toks20
\MPscratchCnt=\count109
\MPscratchDim=\dimen117
\MPnumerator=\count110
\makeMPintoPDFobject=\count111
\everyMPtoPDFconversion=\toks21
) (/usr/local/texlive/2011/texmf-dist/tex/generic/oberdiek/pdftexcmds.sty
Package: pdftexcmds 2011/04/22 v0.16 Utilities of pdfTeX for LuaTeX (HO)

(/usr/local/texlive/2011/texmf-dist/tex/generic/oberdiek/ifluatex.sty
Package: ifluatex 2010/03/01 v1.3 Provides the ifluatex switch (HO)
Package ifluatex Info: LuaTeX not detected.
)
(/usr/local/texlive/2011/texmf-dist/tex/generic/oberdiek/ifpdf.sty
Package: ifpdf 2011/01/30 v2.3 Provides the ifpdf switch (HO)
Package ifpdf Info: pdfTeX in PDF mode is detected.
)
Package pdftexcmds Info: LuaTeX not detected.
Package pdftexcmds Info: \pdf@primitive is available.
Package pdftexcmds Info: \pdf@ifprimitive is available.
Package pdftexcmds Info: \pdfdraftmode found.
)
(/usr/local/texlive/2011/texmf-dist/tex/latex/oberdiek/epstopdf-base.sty
Package: epstopdf-base 2010/02/09 v2.5 Base part for package epstopdf

(/usr/local/texlive/2011/texmf-dist/tex/latex/oberdiek/grfext.sty
Package: grfext 2010/08/19 v1.1 Managing graphics extensions (HO)

(/usr/local/texlive/2011/texmf-dist/tex/generic/oberdiek/kvdefinekeys.sty
Package: kvdefinekeys 2011/04/07 v1.3 Defining keys (HO)
))
(/usr/local/texlive/2011/texmf-dist/tex/latex/oberdiek/kvoptions.sty
Package: kvoptions 2010/12/23 v3.10 Keyval support for LaTeX options (HO)

(/usr/local/texlive/2011/texmf-dist/tex/generic/oberdiek/kvsetkeys.sty
Package: kvsetkeys 2011/04/07 v1.13 Key value parser (HO)

(/usr/local/texlive/2011/texmf-dist/tex/generic/oberdiek/etexcmds.sty
Package: etexcmds 2011/02/16 v1.5 Prefix for e-TeX command names (HO)
Package etexcmds Info: Could not find \expanded.
(etexcmds)             That can mean that you are not using pdfTeX 1.50 or
(etexcmds)             that some package has redefined \expanded.
(etexcmds)             In the latter case, load this package earlier.
)))
Package grfext Info: Graphics extension search list:
(grfext)             [.png,.pdf,.jpg,.mps,.jpeg,.jbig2,.jb2,.PNG,.PDF,.JPG,.JPE
G,.JBIG2,.JB2,.eps]
(grfext)             \AppendGraphicsExtensions on input line 452.

(/usr/local/texlive/2011/texmf-dist/tex/latex/latexconfig/epstopdf-sys.cfg
File: epstopdf-sys.cfg 2010/07/13 v1.3 Configuration of (r)epstopdf for TeX Liv
e
))
\openout2 = `cover.aux'.


(./cover.tex
LaTeX Font Info:    Try loading font information for OMS+cmr on input line 86.
 (/usr/local/texlive/2011/texmf-dist/tex/latex/base/omscmr.fd
File: omscmr.fd 1999/05/25 v2.5h Standard LaTeX font definitions
)
LaTeX Font Info:    Font shape `OMS/cmr/m/n' in size <14.4> not available
(Font)              Font shape `OMS/cmsy/m/n' tried instead on input line 86.

[1



{/usr/local/texlive/2011/texmf-var/fonts/map/pdftex/updmap/pdftex.map}]
[2

] (./abstract.tex) [3

] [4

]) [5]
\openout2 = `contents.aux'.

 (./contents.tex [6



] (./main.toc
LaTeX Font Info:    Try loading font information for U+msa on input line 7.

(/usr/local/texlive/2011/texmf-dist/tex/latex/amsfonts/umsa.fd
File: umsa.fd 2009/06/22 v3.00 AMS symbols A
)
LaTeX Font Info:    Try loading font information for U+msb on input line 7.

(/usr/local/texlive/2011/texmf-dist/tex/latex/amsfonts/umsb.fd
File: umsb.fd 2009/06/22 v3.00 AMS symbols B
)
LaTeX Font Info:    Try loading font information for U+rsfs on input line 7.

(/usr/local/texlive/2011/texmf-dist/tex/latex/jknapltx/ursfs.fd
File: ursfs.fd 1998/03/24 rsfs font definition file (jk)
))
\tf@toc=\write3
\openout3 = `main.toc'.

) [7]
\openout2 = `chap1.aux'.


(./chap1.tex [8



]
Chapter 1.
) [9]
\openout2 = `chap2.aux'.

 (./chap2.tex [10



]
Chapter 2.
[11]
Underfull \vbox (badness 5652) has occurred while \output is active []

 [12])
[13]
\openout2 = `chap3.aux'.

 (./chap3.tex [14



]
Chapter 3.
Missing character: There is no Â in font cmr12!
Missing character: There is no € in font cmr12!
Missing character: There is no Â in font cmr12!
Missing character: There is no ™ in font cmr12!
Missing character: There is no Â in font cmr12!
Missing character: There is no € in font cmr12!
Missing character: There is no Â in font cmr12!
Missing character: There is no ™ in font cmr12!
[15]
Overfull \hbox (20.52634pt too wide) in paragraph at lines 24--28
\OT1/cmtt/m/n/10.95 blob / 8de606e548b4854807ea91a4822b7638a250843c / logcats /
 galaxy _ note _ camera _ crash .
 []

[16]
Overfull \hbox (14.77765pt too wide) in paragraph at lines 31--36
\OT1/cmtt/m/n/10.95 haoqili / Android _ DIPLOMA _ CAMERA / commit / 6164e1ce169
9b87bf5a21c724130af9a6d807a19$ 
 []

) [17]
\openout2 = `chap4.aux'.

 (./chap4.tex [18



]
Chapter 4.
Missing character: There is no â in font cmr12!
Missing character: There is no € in font cmr12!
Missing character: There is no ™ in font cmr12!
Missing character: There is no â in font cmr12!
Missing character: There is no € in font cmr12!
Missing character: There is no ™ in font cmr12!
Missing character: There is no â in font cmr12!
Missing character: There is no € in font cmr12!
Missing character: There is no ™ in font cmr12!
Missing character: There is no â in font cmr12!
Missing character: There is no € in font cmr12!
Missing character: There is no ™ in font cmr12!
Missing character: There is no â in font cmr12!
Missing character: There is no € in font cmr12!
Missing character: There is no ™ in font cmr12!
Missing character: There is no â in font cmr12!
Missing character: There is no € in font cmr12!
Missing character: There is no ™ in font cmr12!
[19]
Missing character: There is no â in font cmr12!
Missing character: There is no € in font cmr12!
Missing character: There is no ™ in font cmr12!
Missing character: There is no â in font cmr12!
Missing character: There is no € in font cmr12!
Missing character: There is no ™ in font cmr12!
Missing character: There is no â in font cmr12!
Missing character: There is no € in font cmr12!
Missing character: There is no ™ in font cmr12!
Missing character: There is no â in font cmr12!
Missing character: There is no € in font cmr12!
Missing character: There is no ™ in font cmr12!
Missing character: There is no â in font cmr12!
Missing character: There is no € in font cmr12!
Missing character: There is no ™ in font cmr12!
Missing character: There is no â in font cmr12!
Missing character: There is no € in font cmr12!
Missing character: There is no ™ in font cmr12!
Missing character: There is no â in font cmr12!
Missing character: There is no € in font cmr12!
Missing character: There is no ™ in font cmr12!
Missing character: There is no â in font cmr12!
Missing character: There is no € in font cmr12!
Missing character: There is no ™ in font cmr12!
Missing character: There is no â in font cmr12!
Missing character: There is no € in font cmr12!
Missing character: There is no ™ in font cmr12!
) [20] [21]
\openout2 = `chap5.aux'.

 (./chap5.tex [22



]
Chapter 5.
Missing character: There is no â in font cmr12!
Missing character: There is no € in font cmr12!
Missing character: There is no ™ in font cmr12!
) [23]
\openout2 = `chap6.aux'.

 (./chap6.tex [24



]
Chapter 6.

Underfull \hbox (badness 10000) in paragraph at lines 9--16

 []


Underfull \hbox (badness 10000) in paragraph at lines 9--16

 []

[25]
Underfull \hbox (badness 10000) in paragraph at lines 19--23

 []


Underfull \hbox (badness 10000) in paragraph at lines 24--28

 []

[26]
Overfull \hbox (7.14526pt too wide) in paragraph at lines 40--54
\OT1/cmr/m/n/12 Code ver-sion: $\OT1/cmtt/m/n/10.95 https : / / github . com / 
haoqili / Android _ DIPLOMA _ CAMERA / tree / 81e87e790$ 
 []


Overfull \hbox (2.37187pt too wide) in paragraph at lines 40--54
\OT1/cmr/m/n/12 Phone logs and scripts: $\OT1/cmtt/m/n/10.95 https : / / github
 . com / haoqili / Android _ DIPLOMA _ CAMERA / tree /
 []


Overfull \hbox (16.8575pt too wide) in paragraph at lines 40--54
\OT1/cmr/m/n/12 CameraDP notes: $\OT1/cmtt/m/n/10.95 https : / / github . com /
 haoqili / Android _ DIPLOMA _ CAMERA / blob / master /
 []


Overfull \hbox (7.7187pt too wide) in paragraph at lines 40--54
\OT1/cmr/m/n/12 CloudDP notes: $\OT1/cmtt/m/n/10.95 https : / / github . com / 
haoqili / Android _ DIPLOMA _ CAMERA / blob / master /
 []


Underfull \hbox (badness 10000) in paragraph at lines 40--54

 []

[27]
Underfull \hbox (badness 10000) in paragraph at lines 63--67

 []

[28]
Overfull \hbox (185.35458pt too wide) in paragraph at lines 77--87
\OT1/cmr/m/n/12 Code ver-sion: $\OT1/cmtt/m/n/10.95 https : / / github . com / 
haoqili / Android _ DIPLOMA _ CAMERA / tree / b8a64242d4e6974c74d1c86abdfbb277b
5e25f60$ 
 []


Overfull \hbox (2.37187pt too wide) in paragraph at lines 77--87
\OT1/cmr/m/n/12 Phone logs and scripts: $\OT1/cmtt/m/n/10.95 https : / / github
 . com / haoqili / Android _ DIPLOMA _ CAMERA / tree /
 []


Overfull \hbox (37.11577pt too wide) in paragraph at lines 77--87
\OT1/cmr/m/n/12 Results: $\OT1/cmtt/m/n/10.95 https : / / github . com / haoqil
i / Android _ DIPLOMA _ CAMERA / blob / master / experiment2 _
 []


Underfull \hbox (badness 10000) in paragraph at lines 77--87

 []


Underfull \hbox (badness 10000) in paragraph at lines 174--179

 []

[29]
Underfull \hbox (badness 10000) in paragraph at lines 180--185

 []

[30]
Underfull \hbox (badness 10000) in paragraph at lines 186--191

 []


Underfull \hbox (badness 10000) in paragraph at lines 194--197

 []


Underfull \hbox (badness 10000) in paragraph at lines 194--197

 []


Underfull \vbox (badness 10000) has occurred while \output is active []

 [31]
Overfull \hbox (185.35458pt too wide) in paragraph at lines 215--225
\OT1/cmr/m/n/12 Code ver-sion: $\OT1/cmtt/m/n/10.95 https : / / github . com / 
haoqili / Android _ DIPLOMA _ CAMERA / tree / e22605b1b644aa60aff54a086526d4bc0
f94a7cf$ 
 []


Overfull \hbox (2.37187pt too wide) in paragraph at lines 215--225
\OT1/cmr/m/n/12 Phone logs and scripts: $\OT1/cmtt/m/n/10.95 https : / / github
 . com / haoqili / Android _ DIPLOMA _ CAMERA / tree /
 []


Overfull \hbox (37.11577pt too wide) in paragraph at lines 215--225
\OT1/cmr/m/n/12 Results: $\OT1/cmtt/m/n/10.95 https : / / github . com / haoqil
i / Android _ DIPLOMA _ CAMERA / blob / master / experiment3 _
 []


Underfull \hbox (badness 10000) in paragraph at lines 215--225

 []


Underfull \vbox (badness 10000) has occurred while \output is active []

 [32]
[33] [34]
Overfull \hbox (185.35458pt too wide) in paragraph at lines 336--346
\OT1/cmr/m/n/12 Code ver-sion: $\OT1/cmtt/m/n/10.95 https : / / github . com / 
haoqili / Android _ DIPLOMA _ CAMERA / tree / 892b9793536613366b5293eeeda3c4815
5e70f05$ 
 []


Overfull \hbox (2.37187pt too wide) in paragraph at lines 336--346
\OT1/cmr/m/n/12 Phone logs and scripts: $\OT1/cmtt/m/n/10.95 https : / / github
 . com / haoqili / Android _ DIPLOMA _ CAMERA / tree /
 []


Overfull \hbox (37.11577pt too wide) in paragraph at lines 336--346
\OT1/cmr/m/n/12 Results: $\OT1/cmtt/m/n/10.95 https : / / github . com / haoqil
i / Android _ DIPLOMA _ CAMERA / blob / master / experiment4 _
 []


Underfull \hbox (badness 10000) in paragraph at lines 336--346

 []

[35] [36] [37]
Overfull \hbox (185.35458pt too wide) in paragraph at lines 509--519
\OT1/cmr/m/n/12 Code ver-sion: $\OT1/cmtt/m/n/10.95 https : / / github . com / 
haoqili / Android _ DIPLOMA _ CAMERA / tree / aeb358fc5a8f887c4193d7612538f1f1f
46ee90c$ 
 []


Overfull \hbox (2.37187pt too wide) in paragraph at lines 509--519
\OT1/cmr/m/n/12 Phone logs and scripts: $\OT1/cmtt/m/n/10.95 https : / / github
 . com / haoqili / Android _ DIPLOMA _ CAMERA / tree /
 []


Overfull \hbox (37.11577pt too wide) in paragraph at lines 509--519
\OT1/cmr/m/n/12 Results: $\OT1/cmtt/m/n/10.95 https : / / github . com / haoqil
i / Android _ DIPLOMA _ CAMERA / blob / master / experiment5 _
 []


Underfull \hbox (badness 10000) in paragraph at lines 509--519

 []

[38]
Overfull \hbox (185.35458pt too wide) in paragraph at lines 592--603
\OT1/cmr/m/n/12 Code ver-sion: $\OT1/cmtt/m/n/10.95 https : / / github . com / 
haoqili / Android _ DIPLOMA _ CAMERA / tree / 7df1600531f730d03cc824984ecb21bb6
0eabd63$ 
 []


Overfull \hbox (2.37187pt too wide) in paragraph at lines 592--603
\OT1/cmr/m/n/12 Phone logs and scripts: $\OT1/cmtt/m/n/10.95 https : / / github
 . com / haoqili / Android _ DIPLOMA _ CAMERA / tree /
 []


Overfull \hbox (37.11577pt too wide) in paragraph at lines 592--603
\OT1/cmr/m/n/12 Results: $\OT1/cmtt/m/n/10.95 https : / / github . com / haoqil
i / Android _ DIPLOMA _ CAMERA / blob / master / experiment6 _
 []


Overfull \hbox (13.32434pt too wide) in paragraph at lines 592--603
\OT1/cmr/m/n/12 and $\OT1/cmtt/m/n/10.95 https : / / github . com / haoqili / A
ndroid _ DIPLOMA _ CAMERA / blob / master / experiment6 _
 []

[39]
Underfull \hbox (badness 10000) in paragraph at lines 718--723

 []

[40]
Underfull \vbox (badness 3471) has occurred while \output is active []

 [41])
[42]
\openout2 = `chap7.aux'.

 (./chap7.tex
Chapter 7.
) [43



] (./main.aux (./cover.aux) (./contents.aux) (./chap1.aux) (./chap2.aux)
(./chap3.aux) (./chap4.aux) (./chap5.aux) (./chap6.aux) (./chap7.aux)) ) 
Here is how much of TeX's memory you used:
 2893 strings out of 493633
 37511 string characters out of 3143378
 119014 words of memory out of 3000000
 6069 multiletter control sequences out of 15000+200000
 14197 words of font info for 56 fonts, out of 3000000 for 9000
 831 hyphenation exceptions out of 8191
 38i,9n,43p,1406b,302s stack positions out of 5000i,500n,10000p,200000b,50000s
</usr/l
ocal/texlive/2011/texmf-dist/fonts/type1/public/amsfonts/cm/cmbx12.pfb></usr/lo
cal/texlive/2011/texmf-dist/fonts/type1/public/amsfonts/cm/cmr12.pfb></usr/loca
l/texlive/2011/texmf-dist/fonts/type1/public/amsfonts/cm/cmr17.pfb></usr/local/
texlive/2011/texmf-dist/fonts/type1/public/amsfonts/cm/cmr8.pfb></usr/local/tex
live/2011/texmf-dist/fonts/type1/public/amsfonts/cm/cmsy10.pfb></usr/local/texl
ive/2011/texmf-dist/fonts/type1/public/amsfonts/cm/cmti12.pfb></usr/local/texli
ve/2011/texmf-dist/fonts/type1/public/amsfonts/cm/cmtt10.pfb>
Output written on main.pdf (43 pages, 153511 bytes).
PDF statistics:
 173 PDF objects out of 1000 (max. 8388607)
 119 compressed objects within 2 object streams
 0 named destinations out of 1000 (max. 500000)
 1 words of extra memory for PDF output out of 10000 (max. 10000000)

